\BOOKMARK [0][-]{chapter.1}{\376\377\0001\000\040\000R\000e\000a\000d\000M\000e}{}% 1
\BOOKMARK [0][-]{chapter.2}{\376\377\0002\000\040\000H\000i\000e\000r\000a\000r\000c\000h\000i\000c\000a\000l\000\040\000I\000n\000d\000e\000x}{}% 2
\BOOKMARK [1][-]{section.2.1}{\376\377\0002\000.\0001\000\040\000C\000l\000a\000s\000s\000\040\000H\000i\000e\000r\000a\000r\000c\000h\000y}{chapter.2}% 3
\BOOKMARK [0][-]{chapter.3}{\376\377\0003\000\040\000C\000l\000a\000s\000s\000\040\000I\000n\000d\000e\000x}{}% 4
\BOOKMARK [1][-]{section.3.1}{\376\377\0003\000.\0001\000\040\000C\000l\000a\000s\000s\000\040\000L\000i\000s\000t}{chapter.3}% 5
\BOOKMARK [0][-]{chapter.4}{\376\377\0004\000\040\000F\000i\000l\000e\000\040\000I\000n\000d\000e\000x}{}% 6
\BOOKMARK [1][-]{section.4.1}{\376\377\0004\000.\0001\000\040\000F\000i\000l\000e\000\040\000L\000i\000s\000t}{chapter.4}% 7
\BOOKMARK [0][-]{chapter.5}{\376\377\0005\000\040\000C\000l\000a\000s\000s\000\040\000D\000o\000c\000u\000m\000e\000n\000t\000a\000t\000i\000o\000n}{}% 8
\BOOKMARK [1][-]{section.5.1}{\376\377\0005\000.\0001\000\040\000A\000d\000d\000E\000x\000p\000r\000\040\000C\000l\000a\000s\000s\000\040\000R\000e\000f\000e\000r\000e\000n\000c\000e}{chapter.5}% 9
\BOOKMARK [2][-]{subsection.5.1.1}{\376\377\0005\000.\0001\000.\0001\000\040\000D\000e\000t\000a\000i\000l\000e\000d\000\040\000D\000e\000s\000c\000r\000i\000p\000t\000i\000o\000n}{section.5.1}% 10
\BOOKMARK [2][-]{subsection.5.1.2}{\376\377\0005\000.\0001\000.\0002\000\040\000C\000o\000n\000s\000t\000r\000u\000c\000t\000o\000r\000\040\000\046\000\040\000D\000e\000s\000t\000r\000u\000c\000t\000o\000r\000\040\000D\000o\000c\000u\000m\000e\000n\000t\000a\000t\000i\000o\000n}{section.5.1}% 11
\BOOKMARK [3][-]{subsubsection.5.1.2.1}{\376\377\0005\000.\0001\000.\0002\000.\0001\000\040\000A\000d\000d\000E\000x\000p\000r\000\050\000\051}{subsection.5.1.2}% 12
\BOOKMARK [2][-]{subsection.5.1.3}{\376\377\0005\000.\0001\000.\0003\000\040\000M\000e\000m\000b\000e\000r\000\040\000F\000u\000n\000c\000t\000i\000o\000n\000\040\000D\000o\000c\000u\000m\000e\000n\000t\000a\000t\000i\000o\000n}{section.5.1}% 13
\BOOKMARK [3][-]{subsubsection.5.1.3.1}{\376\377\0005\000.\0001\000.\0003\000.\0001\000\040\000e\000q\000u\000a\000l\000s\000\050\000\051}{subsection.5.1.3}% 14
\BOOKMARK [3][-]{subsubsection.5.1.3.2}{\376\377\0005\000.\0001\000.\0003\000.\0002\000\040\000p\000r\000e\000t\000t\000y\000\137\000p\000r\000i\000n\000t\000\137\000a\000t\000\050\000\051}{subsection.5.1.3}% 15
\BOOKMARK [3][-]{subsubsection.5.1.3.3}{\376\377\0005\000.\0001\000.\0003\000.\0003\000\040\000p\000r\000i\000n\000t\000\050\000\051}{subsection.5.1.3}% 16
\BOOKMARK [1][-]{section.5.2}{\376\377\0005\000.\0002\000\040\000B\000o\000o\000l\000E\000x\000p\000r\000\040\000C\000l\000a\000s\000s\000\040\000R\000e\000f\000e\000r\000e\000n\000c\000e}{chapter.5}% 17
\BOOKMARK [2][-]{subsection.5.2.1}{\376\377\0005\000.\0002\000.\0001\000\040\000D\000e\000t\000a\000i\000l\000e\000d\000\040\000D\000e\000s\000c\000r\000i\000p\000t\000i\000o\000n}{section.5.2}% 18
\BOOKMARK [2][-]{subsection.5.2.2}{\376\377\0005\000.\0002\000.\0002\000\040\000C\000o\000n\000s\000t\000r\000u\000c\000t\000o\000r\000\040\000\046\000\040\000D\000e\000s\000t\000r\000u\000c\000t\000o\000r\000\040\000D\000o\000c\000u\000m\000e\000n\000t\000a\000t\000i\000o\000n}{section.5.2}% 19
\BOOKMARK [3][-]{subsubsection.5.2.2.1}{\376\377\0005\000.\0002\000.\0002\000.\0001\000\040\000B\000o\000o\000l\000E\000x\000p\000r\000\050\000\051}{subsection.5.2.2}% 20
\BOOKMARK [2][-]{subsection.5.2.3}{\376\377\0005\000.\0002\000.\0003\000\040\000M\000e\000m\000b\000e\000r\000\040\000F\000u\000n\000c\000t\000i\000o\000n\000\040\000D\000o\000c\000u\000m\000e\000n\000t\000a\000t\000i\000o\000n}{section.5.2}% 21
\BOOKMARK [3][-]{subsubsection.5.2.3.1}{\376\377\0005\000.\0002\000.\0003\000.\0001\000\040\000e\000q\000u\000a\000l\000s\000\050\000\051}{subsection.5.2.3}% 22
\BOOKMARK [3][-]{subsubsection.5.2.3.2}{\376\377\0005\000.\0002\000.\0003\000.\0002\000\040\000p\000r\000e\000t\000t\000y\000\137\000p\000r\000i\000n\000t\000\137\000a\000t\000\050\000\051}{subsection.5.2.3}% 23
\BOOKMARK [3][-]{subsubsection.5.2.3.3}{\376\377\0005\000.\0002\000.\0003\000.\0003\000\040\000p\000r\000i\000n\000t\000\050\000\051}{subsection.5.2.3}% 24
\BOOKMARK [1][-]{section.5.3}{\376\377\0005\000.\0003\000\040\000B\000o\000o\000l\000V\000a\000l\000u\000e\000\040\000C\000l\000a\000s\000s\000\040\000R\000e\000f\000e\000r\000e\000n\000c\000e}{chapter.5}% 25
\BOOKMARK [2][-]{subsection.5.3.1}{\376\377\0005\000.\0003\000.\0001\000\040\000D\000e\000t\000a\000i\000l\000e\000d\000\040\000D\000e\000s\000c\000r\000i\000p\000t\000i\000o\000n}{section.5.3}% 26
\BOOKMARK [2][-]{subsection.5.3.2}{\376\377\0005\000.\0003\000.\0002\000\040\000C\000o\000n\000s\000t\000r\000u\000c\000t\000o\000r\000\040\000\046\000\040\000D\000e\000s\000t\000r\000u\000c\000t\000o\000r\000\040\000D\000o\000c\000u\000m\000e\000n\000t\000a\000t\000i\000o\000n}{section.5.3}% 27
\BOOKMARK [3][-]{subsubsection.5.3.2.1}{\376\377\0005\000.\0003\000.\0002\000.\0001\000\040\000B\000o\000o\000l\000V\000a\000l\000u\000e\000\050\000\051}{subsection.5.3.2}% 28
\BOOKMARK [2][-]{subsection.5.3.3}{\376\377\0005\000.\0003\000.\0003\000\040\000M\000e\000m\000b\000e\000r\000\040\000F\000u\000n\000c\000t\000i\000o\000n\000\040\000D\000o\000c\000u\000m\000e\000n\000t\000a\000t\000i\000o\000n}{section.5.3}% 29
\BOOKMARK [3][-]{subsubsection.5.3.3.1}{\376\377\0005\000.\0003\000.\0003\000.\0001\000\040\000e\000q\000u\000a\000l\000s\000\050\000\051}{subsection.5.3.3}% 30
\BOOKMARK [3][-]{subsubsection.5.3.3.2}{\376\377\0005\000.\0003\000.\0003\000.\0002\000\040\000i\000s\000\137\000t\000r\000u\000e\000\050\000\051}{subsection.5.3.3}% 31
\BOOKMARK [3][-]{subsubsection.5.3.3.3}{\376\377\0005\000.\0003\000.\0003\000.\0003\000\040\000p\000r\000i\000n\000t\000\050\000\051}{subsection.5.3.3}% 32
\BOOKMARK [1][-]{section.5.4}{\376\377\0005\000.\0004\000\040\000C\000a\000l\000l\000E\000x\000p\000r\000\040\000C\000l\000a\000s\000s\000\040\000R\000e\000f\000e\000r\000e\000n\000c\000e}{chapter.5}% 33
\BOOKMARK [2][-]{subsection.5.4.1}{\376\377\0005\000.\0004\000.\0001\000\040\000D\000e\000t\000a\000i\000l\000e\000d\000\040\000D\000e\000s\000c\000r\000i\000p\000t\000i\000o\000n}{section.5.4}% 34
\BOOKMARK [2][-]{subsection.5.4.2}{\376\377\0005\000.\0004\000.\0002\000\040\000C\000o\000n\000s\000t\000r\000u\000c\000t\000o\000r\000\040\000\046\000\040\000D\000e\000s\000t\000r\000u\000c\000t\000o\000r\000\040\000D\000o\000c\000u\000m\000e\000n\000t\000a\000t\000i\000o\000n}{section.5.4}% 35
\BOOKMARK [3][-]{subsubsection.5.4.2.1}{\376\377\0005\000.\0004\000.\0002\000.\0001\000\040\000C\000a\000l\000l\000E\000x\000p\000r\000\050\000\051}{subsection.5.4.2}% 36
\BOOKMARK [2][-]{subsection.5.4.3}{\376\377\0005\000.\0004\000.\0003\000\040\000M\000e\000m\000b\000e\000r\000\040\000F\000u\000n\000c\000t\000i\000o\000n\000\040\000D\000o\000c\000u\000m\000e\000n\000t\000a\000t\000i\000o\000n}{section.5.4}% 37
\BOOKMARK [3][-]{subsubsection.5.4.3.1}{\376\377\0005\000.\0004\000.\0003\000.\0001\000\040\000e\000q\000u\000a\000l\000s\000\050\000\051}{subsection.5.4.3}% 38
\BOOKMARK [3][-]{subsubsection.5.4.3.2}{\376\377\0005\000.\0004\000.\0003\000.\0002\000\040\000p\000r\000e\000t\000t\000y\000\137\000p\000r\000i\000n\000t\000\137\000a\000t\000\050\000\051}{subsection.5.4.3}% 39
\BOOKMARK [3][-]{subsubsection.5.4.3.3}{\376\377\0005\000.\0004\000.\0003\000.\0003\000\040\000p\000r\000i\000n\000t\000\050\000\051}{subsection.5.4.3}% 40
\BOOKMARK [1][-]{section.5.5}{\376\377\0005\000.\0005\000\040\000E\000m\000p\000t\000y\000E\000n\000v\000\040\000C\000l\000a\000s\000s\000\040\000R\000e\000f\000e\000r\000e\000n\000c\000e}{chapter.5}% 41
\BOOKMARK [2][-]{subsection.5.5.1}{\376\377\0005\000.\0005\000.\0001\000\040\000M\000e\000m\000b\000e\000r\000\040\000F\000u\000n\000c\000t\000i\000o\000n\000\040\000D\000o\000c\000u\000m\000e\000n\000t\000a\000t\000i\000o\000n}{section.5.5}% 42
\BOOKMARK [3][-]{subsubsection.5.5.1.1}{\376\377\0005\000.\0005\000.\0001\000.\0001\000\040\000P\000T\000R\000\050\000\051}{subsection.5.5.1}% 43
\BOOKMARK [1][-]{section.5.6}{\376\377\0005\000.\0006\000\040\000E\000n\000v\000\040\000C\000l\000a\000s\000s\000\040\000R\000e\000f\000e\000r\000e\000n\000c\000e}{chapter.5}% 44
\BOOKMARK [1][-]{section.5.7}{\376\377\0005\000.\0007\000\040\000E\000q\000E\000x\000p\000r\000\040\000C\000l\000a\000s\000s\000\040\000R\000e\000f\000e\000r\000e\000n\000c\000e}{chapter.5}% 45
\BOOKMARK [2][-]{subsection.5.7.1}{\376\377\0005\000.\0007\000.\0001\000\040\000D\000e\000t\000a\000i\000l\000e\000d\000\040\000D\000e\000s\000c\000r\000i\000p\000t\000i\000o\000n}{section.5.7}% 46
\BOOKMARK [2][-]{subsection.5.7.2}{\376\377\0005\000.\0007\000.\0002\000\040\000C\000o\000n\000s\000t\000r\000u\000c\000t\000o\000r\000\040\000\046\000\040\000D\000e\000s\000t\000r\000u\000c\000t\000o\000r\000\040\000D\000o\000c\000u\000m\000e\000n\000t\000a\000t\000i\000o\000n}{section.5.7}% 47
\BOOKMARK [3][-]{subsubsection.5.7.2.1}{\376\377\0005\000.\0007\000.\0002\000.\0001\000\040\000E\000q\000E\000x\000p\000r\000\050\000\051}{subsection.5.7.2}% 48
\BOOKMARK [2][-]{subsection.5.7.3}{\376\377\0005\000.\0007\000.\0003\000\040\000M\000e\000m\000b\000e\000r\000\040\000F\000u\000n\000c\000t\000i\000o\000n\000\040\000D\000o\000c\000u\000m\000e\000n\000t\000a\000t\000i\000o\000n}{section.5.7}% 49
\BOOKMARK [3][-]{subsubsection.5.7.3.1}{\376\377\0005\000.\0007\000.\0003\000.\0001\000\040\000e\000q\000u\000a\000l\000s\000\050\000\051}{subsection.5.7.3}% 50
\BOOKMARK [3][-]{subsubsection.5.7.3.2}{\376\377\0005\000.\0007\000.\0003\000.\0002\000\040\000p\000r\000e\000t\000t\000y\000\137\000p\000r\000i\000n\000t\000\137\000a\000t\000\050\000\051}{subsection.5.7.3}% 51
\BOOKMARK [3][-]{subsubsection.5.7.3.3}{\376\377\0005\000.\0007\000.\0003\000.\0003\000\040\000p\000r\000i\000n\000t\000\050\000\051}{subsection.5.7.3}% 52
\BOOKMARK [1][-]{section.5.8}{\376\377\0005\000.\0008\000\040\000E\000x\000t\000e\000n\000d\000e\000d\000E\000n\000v\000\040\000C\000l\000a\000s\000s\000\040\000R\000e\000f\000e\000r\000e\000n\000c\000e}{chapter.5}% 53
\BOOKMARK [2][-]{subsection.5.8.1}{\376\377\0005\000.\0008\000.\0001\000\040\000M\000e\000m\000b\000e\000r\000\040\000F\000u\000n\000c\000t\000i\000o\000n\000\040\000D\000o\000c\000u\000m\000e\000n\000t\000a\000t\000i\000o\000n}{section.5.8}% 54
\BOOKMARK [3][-]{subsubsection.5.8.1.1}{\376\377\0005\000.\0008\000.\0001\000.\0001\000\040\000P\000T\000R\000\050\000\051\000\040\000[\0001\000/\0002\000]}{subsection.5.8.1}% 55
\BOOKMARK [3][-]{subsubsection.5.8.1.2}{\376\377\0005\000.\0008\000.\0001\000.\0002\000\040\000P\000T\000R\000\050\000\051\000\040\000[\0002\000/\0002\000]}{subsection.5.8.1}% 56
\BOOKMARK [1][-]{section.5.9}{\376\377\0005\000.\0009\000\040\000F\000u\000n\000E\000x\000p\000r\000\040\000C\000l\000a\000s\000s\000\040\000R\000e\000f\000e\000r\000e\000n\000c\000e}{chapter.5}% 57
\BOOKMARK [2][-]{subsection.5.9.1}{\376\377\0005\000.\0009\000.\0001\000\040\000D\000e\000t\000a\000i\000l\000e\000d\000\040\000D\000e\000s\000c\000r\000i\000p\000t\000i\000o\000n}{section.5.9}% 58
\BOOKMARK [2][-]{subsection.5.9.2}{\376\377\0005\000.\0009\000.\0002\000\040\000C\000o\000n\000s\000t\000r\000u\000c\000t\000o\000r\000\040\000\046\000\040\000D\000e\000s\000t\000r\000u\000c\000t\000o\000r\000\040\000D\000o\000c\000u\000m\000e\000n\000t\000a\000t\000i\000o\000n}{section.5.9}% 59
\BOOKMARK [3][-]{subsubsection.5.9.2.1}{\376\377\0005\000.\0009\000.\0002\000.\0001\000\040\000F\000u\000n\000E\000x\000p\000r\000\050\000\051}{subsection.5.9.2}% 60
\BOOKMARK [2][-]{subsection.5.9.3}{\376\377\0005\000.\0009\000.\0003\000\040\000M\000e\000m\000b\000e\000r\000\040\000F\000u\000n\000c\000t\000i\000o\000n\000\040\000D\000o\000c\000u\000m\000e\000n\000t\000a\000t\000i\000o\000n}{section.5.9}% 61
\BOOKMARK [3][-]{subsubsection.5.9.3.1}{\376\377\0005\000.\0009\000.\0003\000.\0001\000\040\000e\000q\000u\000a\000l\000s\000\050\000\051}{subsection.5.9.3}% 62
\BOOKMARK [3][-]{subsubsection.5.9.3.2}{\376\377\0005\000.\0009\000.\0003\000.\0002\000\040\000p\000r\000e\000t\000t\000y\000\137\000p\000r\000i\000n\000t\000\137\000a\000t\000\050\000\051}{subsection.5.9.3}% 63
\BOOKMARK [3][-]{subsubsection.5.9.3.3}{\376\377\0005\000.\0009\000.\0003\000.\0003\000\040\000p\000r\000i\000n\000t\000\050\000\051}{subsection.5.9.3}% 64
\BOOKMARK [1][-]{section.5.10}{\376\377\0005\000.\0001\0000\000\040\000F\000u\000n\000V\000a\000l\000u\000e\000\040\000C\000l\000a\000s\000s\000\040\000R\000e\000f\000e\000r\000e\000n\000c\000e}{chapter.5}% 65
\BOOKMARK [2][-]{subsection.5.10.1}{\376\377\0005\000.\0001\0000\000.\0001\000\040\000D\000e\000t\000a\000i\000l\000e\000d\000\040\000D\000e\000s\000c\000r\000i\000p\000t\000i\000o\000n}{section.5.10}% 66
\BOOKMARK [2][-]{subsection.5.10.2}{\376\377\0005\000.\0001\0000\000.\0002\000\040\000C\000o\000n\000s\000t\000r\000u\000c\000t\000o\000r\000\040\000\046\000\040\000D\000e\000s\000t\000r\000u\000c\000t\000o\000r\000\040\000D\000o\000c\000u\000m\000e\000n\000t\000a\000t\000i\000o\000n}{section.5.10}% 67
\BOOKMARK [3][-]{subsubsection.5.10.2.1}{\376\377\0005\000.\0001\0000\000.\0002\000.\0001\000\040\000F\000u\000n\000V\000a\000l\000u\000e\000\050\000\051}{subsection.5.10.2}% 68
\BOOKMARK [2][-]{subsection.5.10.3}{\376\377\0005\000.\0001\0000\000.\0003\000\040\000M\000e\000m\000b\000e\000r\000\040\000F\000u\000n\000c\000t\000i\000o\000n\000\040\000D\000o\000c\000u\000m\000e\000n\000t\000a\000t\000i\000o\000n}{section.5.10}% 69
\BOOKMARK [3][-]{subsubsection.5.10.3.1}{\376\377\0005\000.\0001\0000\000.\0003\000.\0001\000\040\000e\000q\000u\000a\000l\000s\000\050\000\051}{subsection.5.10.3}% 70
\BOOKMARK [3][-]{subsubsection.5.10.3.2}{\376\377\0005\000.\0001\0000\000.\0003\000.\0002\000\040\000i\000s\000\137\000t\000r\000u\000e\000\050\000\051}{subsection.5.10.3}% 71
\BOOKMARK [3][-]{subsubsection.5.10.3.3}{\376\377\0005\000.\0001\0000\000.\0003\000.\0003\000\040\000p\000r\000i\000n\000t\000\050\000\051}{subsection.5.10.3}% 72
\BOOKMARK [1][-]{section.5.11}{\376\377\0005\000.\0001\0001\000\040\000I\000f\000E\000x\000p\000r\000\040\000C\000l\000a\000s\000s\000\040\000R\000e\000f\000e\000r\000e\000n\000c\000e}{chapter.5}% 73
\BOOKMARK [2][-]{subsection.5.11.1}{\376\377\0005\000.\0001\0001\000.\0001\000\040\000D\000e\000t\000a\000i\000l\000e\000d\000\040\000D\000e\000s\000c\000r\000i\000p\000t\000i\000o\000n}{section.5.11}% 74
\BOOKMARK [2][-]{subsection.5.11.2}{\376\377\0005\000.\0001\0001\000.\0002\000\040\000C\000o\000n\000s\000t\000r\000u\000c\000t\000o\000r\000\040\000\046\000\040\000D\000e\000s\000t\000r\000u\000c\000t\000o\000r\000\040\000D\000o\000c\000u\000m\000e\000n\000t\000a\000t\000i\000o\000n}{section.5.11}% 75
\BOOKMARK [3][-]{subsubsection.5.11.2.1}{\376\377\0005\000.\0001\0001\000.\0002\000.\0001\000\040\000I\000f\000E\000x\000p\000r\000\050\000\051}{subsection.5.11.2}% 76
\BOOKMARK [2][-]{subsection.5.11.3}{\376\377\0005\000.\0001\0001\000.\0003\000\040\000M\000e\000m\000b\000e\000r\000\040\000F\000u\000n\000c\000t\000i\000o\000n\000\040\000D\000o\000c\000u\000m\000e\000n\000t\000a\000t\000i\000o\000n}{section.5.11}% 77
\BOOKMARK [3][-]{subsubsection.5.11.3.1}{\376\377\0005\000.\0001\0001\000.\0003\000.\0001\000\040\000e\000q\000u\000a\000l\000s\000\050\000\051}{subsection.5.11.3}% 78
\BOOKMARK [3][-]{subsubsection.5.11.3.2}{\376\377\0005\000.\0001\0001\000.\0003\000.\0002\000\040\000p\000r\000e\000t\000t\000y\000\137\000p\000r\000i\000n\000t\000\137\000a\000t\000\050\000\051}{subsection.5.11.3}% 79
\BOOKMARK [3][-]{subsubsection.5.11.3.3}{\376\377\0005\000.\0001\0001\000.\0003\000.\0003\000\040\000p\000r\000i\000n\000t\000\050\000\051}{subsection.5.11.3}% 80
\BOOKMARK [1][-]{section.5.12}{\376\377\0005\000.\0001\0002\000\040\000L\000e\000t\000E\000x\000p\000r\000\040\000C\000l\000a\000s\000s\000\040\000R\000e\000f\000e\000r\000e\000n\000c\000e}{chapter.5}% 81
\BOOKMARK [2][-]{subsection.5.12.1}{\376\377\0005\000.\0001\0002\000.\0001\000\040\000D\000e\000t\000a\000i\000l\000e\000d\000\040\000D\000e\000s\000c\000r\000i\000p\000t\000i\000o\000n}{section.5.12}% 82
\BOOKMARK [2][-]{subsection.5.12.2}{\376\377\0005\000.\0001\0002\000.\0002\000\040\000C\000o\000n\000s\000t\000r\000u\000c\000t\000o\000r\000\040\000\046\000\040\000D\000e\000s\000t\000r\000u\000c\000t\000o\000r\000\040\000D\000o\000c\000u\000m\000e\000n\000t\000a\000t\000i\000o\000n}{section.5.12}% 83
\BOOKMARK [3][-]{subsubsection.5.12.2.1}{\376\377\0005\000.\0001\0002\000.\0002\000.\0001\000\040\000L\000e\000t\000E\000x\000p\000r\000\050\000\051}{subsection.5.12.2}% 84
\BOOKMARK [2][-]{subsection.5.12.3}{\376\377\0005\000.\0001\0002\000.\0003\000\040\000M\000e\000m\000b\000e\000r\000\040\000F\000u\000n\000c\000t\000i\000o\000n\000\040\000D\000o\000c\000u\000m\000e\000n\000t\000a\000t\000i\000o\000n}{section.5.12}% 85
\BOOKMARK [3][-]{subsubsection.5.12.3.1}{\376\377\0005\000.\0001\0002\000.\0003\000.\0001\000\040\000e\000q\000u\000a\000l\000s\000\050\000\051}{subsection.5.12.3}% 86
\BOOKMARK [3][-]{subsubsection.5.12.3.2}{\376\377\0005\000.\0001\0002\000.\0003\000.\0002\000\040\000p\000r\000e\000t\000t\000y\000\137\000p\000r\000i\000n\000t\000\137\000a\000t\000\050\000\051}{subsection.5.12.3}% 87
\BOOKMARK [3][-]{subsubsection.5.12.3.3}{\376\377\0005\000.\0001\0002\000.\0003\000.\0003\000\040\000p\000r\000i\000n\000t\000\050\000\051}{subsection.5.12.3}% 88
\BOOKMARK [1][-]{section.5.13}{\376\377\0005\000.\0001\0003\000\040\000m\000a\000i\000n\000W\000i\000d\000g\000e\000t\000\040\000C\000l\000a\000s\000s\000\040\000R\000e\000f\000e\000r\000e\000n\000c\000e}{chapter.5}% 89
\BOOKMARK [1][-]{section.5.14}{\376\377\0005\000.\0001\0004\000\040\000M\000u\000l\000t\000E\000x\000p\000r\000\040\000C\000l\000a\000s\000s\000\040\000R\000e\000f\000e\000r\000e\000n\000c\000e}{chapter.5}% 90
\BOOKMARK [2][-]{subsection.5.14.1}{\376\377\0005\000.\0001\0004\000.\0001\000\040\000D\000e\000t\000a\000i\000l\000e\000d\000\040\000D\000e\000s\000c\000r\000i\000p\000t\000i\000o\000n}{section.5.14}% 91
\BOOKMARK [2][-]{subsection.5.14.2}{\376\377\0005\000.\0001\0004\000.\0002\000\040\000C\000o\000n\000s\000t\000r\000u\000c\000t\000o\000r\000\040\000\046\000\040\000D\000e\000s\000t\000r\000u\000c\000t\000o\000r\000\040\000D\000o\000c\000u\000m\000e\000n\000t\000a\000t\000i\000o\000n}{section.5.14}% 92
\BOOKMARK [3][-]{subsubsection.5.14.2.1}{\376\377\0005\000.\0001\0004\000.\0002\000.\0001\000\040\000M\000u\000l\000t\000E\000x\000p\000r\000\050\000\051}{subsection.5.14.2}% 93
\BOOKMARK [2][-]{subsection.5.14.3}{\376\377\0005\000.\0001\0004\000.\0003\000\040\000M\000e\000m\000b\000e\000r\000\040\000F\000u\000n\000c\000t\000i\000o\000n\000\040\000D\000o\000c\000u\000m\000e\000n\000t\000a\000t\000i\000o\000n}{section.5.14}% 94
\BOOKMARK [3][-]{subsubsection.5.14.3.1}{\376\377\0005\000.\0001\0004\000.\0003\000.\0001\000\040\000e\000q\000u\000a\000l\000s\000\050\000\051}{subsection.5.14.3}% 95
\BOOKMARK [3][-]{subsubsection.5.14.3.2}{\376\377\0005\000.\0001\0004\000.\0003\000.\0002\000\040\000p\000r\000e\000t\000t\000y\000\137\000p\000r\000i\000n\000t\000\137\000a\000t\000\050\000\051}{subsection.5.14.3}% 96
\BOOKMARK [3][-]{subsubsection.5.14.3.3}{\376\377\0005\000.\0001\0004\000.\0003\000.\0003\000\040\000p\000r\000i\000n\000t\000\050\000\051}{subsection.5.14.3}% 97
\BOOKMARK [1][-]{section.5.15}{\376\377\0005\000.\0001\0005\000\040\000N\000u\000m\000E\000x\000p\000r\000\040\000C\000l\000a\000s\000s\000\040\000R\000e\000f\000e\000r\000e\000n\000c\000e}{chapter.5}% 98
\BOOKMARK [2][-]{subsection.5.15.1}{\376\377\0005\000.\0001\0005\000.\0001\000\040\000D\000e\000t\000a\000i\000l\000e\000d\000\040\000D\000e\000s\000c\000r\000i\000p\000t\000i\000o\000n}{section.5.15}% 99
\BOOKMARK [2][-]{subsection.5.15.2}{\376\377\0005\000.\0001\0005\000.\0002\000\040\000C\000o\000n\000s\000t\000r\000u\000c\000t\000o\000r\000\040\000\046\000\040\000D\000e\000s\000t\000r\000u\000c\000t\000o\000r\000\040\000D\000o\000c\000u\000m\000e\000n\000t\000a\000t\000i\000o\000n}{section.5.15}% 100
\BOOKMARK [3][-]{subsubsection.5.15.2.1}{\376\377\0005\000.\0001\0005\000.\0002\000.\0001\000\040\000N\000u\000m\000E\000x\000p\000r\000\050\000\051}{subsection.5.15.2}% 101
\BOOKMARK [2][-]{subsection.5.15.3}{\376\377\0005\000.\0001\0005\000.\0003\000\040\000M\000e\000m\000b\000e\000r\000\040\000F\000u\000n\000c\000t\000i\000o\000n\000\040\000D\000o\000c\000u\000m\000e\000n\000t\000a\000t\000i\000o\000n}{section.5.15}% 102
\BOOKMARK [3][-]{subsubsection.5.15.3.1}{\376\377\0005\000.\0001\0005\000.\0003\000.\0001\000\040\000e\000q\000u\000a\000l\000s\000\050\000\051}{subsection.5.15.3}% 103
\BOOKMARK [3][-]{subsubsection.5.15.3.2}{\376\377\0005\000.\0001\0005\000.\0003\000.\0002\000\040\000p\000r\000e\000t\000t\000y\000\137\000p\000r\000i\000n\000t\000\137\000a\000t\000\050\000\051}{subsection.5.15.3}% 104
\BOOKMARK [3][-]{subsubsection.5.15.3.3}{\376\377\0005\000.\0001\0005\000.\0003\000.\0003\000\040\000p\000r\000i\000n\000t\000\050\000\051}{subsection.5.15.3}% 105
\BOOKMARK [1][-]{section.5.16}{\376\377\0005\000.\0001\0006\000\040\000N\000u\000m\000V\000a\000l\000u\000e\000\040\000C\000l\000a\000s\000s\000\040\000R\000e\000f\000e\000r\000e\000n\000c\000e}{chapter.5}% 106
\BOOKMARK [2][-]{subsection.5.16.1}{\376\377\0005\000.\0001\0006\000.\0001\000\040\000D\000e\000t\000a\000i\000l\000e\000d\000\040\000D\000e\000s\000c\000r\000i\000p\000t\000i\000o\000n}{section.5.16}% 107
\BOOKMARK [2][-]{subsection.5.16.2}{\376\377\0005\000.\0001\0006\000.\0002\000\040\000C\000o\000n\000s\000t\000r\000u\000c\000t\000o\000r\000\040\000\046\000\040\000D\000e\000s\000t\000r\000u\000c\000t\000o\000r\000\040\000D\000o\000c\000u\000m\000e\000n\000t\000a\000t\000i\000o\000n}{section.5.16}% 108
\BOOKMARK [3][-]{subsubsection.5.16.2.1}{\376\377\0005\000.\0001\0006\000.\0002\000.\0001\000\040\000N\000u\000m\000V\000a\000l\000u\000e\000\050\000\051}{subsection.5.16.2}% 109
\BOOKMARK [2][-]{subsection.5.16.3}{\376\377\0005\000.\0001\0006\000.\0003\000\040\000M\000e\000m\000b\000e\000r\000\040\000F\000u\000n\000c\000t\000i\000o\000n\000\040\000D\000o\000c\000u\000m\000e\000n\000t\000a\000t\000i\000o\000n}{section.5.16}% 110
\BOOKMARK [3][-]{subsubsection.5.16.3.1}{\376\377\0005\000.\0001\0006\000.\0003\000.\0001\000\040\000e\000q\000u\000a\000l\000s\000\050\000\051}{subsection.5.16.3}% 111
\BOOKMARK [3][-]{subsubsection.5.16.3.2}{\376\377\0005\000.\0001\0006\000.\0003\000.\0002\000\040\000i\000s\000\137\000t\000r\000u\000e\000\050\000\051}{subsection.5.16.3}% 112
\BOOKMARK [3][-]{subsubsection.5.16.3.3}{\376\377\0005\000.\0001\0006\000.\0003\000.\0003\000\040\000p\000r\000i\000n\000t\000\050\000\051}{subsection.5.16.3}% 113
\BOOKMARK [1][-]{section.5.17}{\376\377\0005\000.\0001\0007\000\040\000V\000a\000r\000E\000x\000p\000r\000\040\000C\000l\000a\000s\000s\000\040\000R\000e\000f\000e\000r\000e\000n\000c\000e}{chapter.5}% 114
\BOOKMARK [2][-]{subsection.5.17.1}{\376\377\0005\000.\0001\0007\000.\0001\000\040\000D\000e\000t\000a\000i\000l\000e\000d\000\040\000D\000e\000s\000c\000r\000i\000p\000t\000i\000o\000n}{section.5.17}% 115
\BOOKMARK [2][-]{subsection.5.17.2}{\376\377\0005\000.\0001\0007\000.\0002\000\040\000C\000o\000n\000s\000t\000r\000u\000c\000t\000o\000r\000\040\000\046\000\040\000D\000e\000s\000t\000r\000u\000c\000t\000o\000r\000\040\000D\000o\000c\000u\000m\000e\000n\000t\000a\000t\000i\000o\000n}{section.5.17}% 116
\BOOKMARK [3][-]{subsubsection.5.17.2.1}{\376\377\0005\000.\0001\0007\000.\0002\000.\0001\000\040\000V\000a\000r\000E\000x\000p\000r\000\050\000\051}{subsection.5.17.2}% 117
\BOOKMARK [2][-]{subsection.5.17.3}{\376\377\0005\000.\0001\0007\000.\0003\000\040\000M\000e\000m\000b\000e\000r\000\040\000F\000u\000n\000c\000t\000i\000o\000n\000\040\000D\000o\000c\000u\000m\000e\000n\000t\000a\000t\000i\000o\000n}{section.5.17}% 118
\BOOKMARK [3][-]{subsubsection.5.17.3.1}{\376\377\0005\000.\0001\0007\000.\0003\000.\0001\000\040\000e\000q\000u\000a\000l\000s\000\050\000\051}{subsection.5.17.3}% 119
\BOOKMARK [3][-]{subsubsection.5.17.3.2}{\376\377\0005\000.\0001\0007\000.\0003\000.\0002\000\040\000p\000r\000e\000t\000t\000y\000\137\000p\000r\000i\000n\000t\000\137\000a\000t\000\050\000\051}{subsection.5.17.3}% 120
\BOOKMARK [3][-]{subsubsection.5.17.3.3}{\376\377\0005\000.\0001\0007\000.\0003\000.\0003\000\040\000p\000r\000i\000n\000t\000\050\000\051}{subsection.5.17.3}% 121
\BOOKMARK [0][-]{chapter.6}{\376\377\0006\000\040\000F\000i\000l\000e\000\040\000D\000o\000c\000u\000m\000e\000n\000t\000a\000t\000i\000o\000n}{}% 122
\BOOKMARK [1][-]{section.6.1}{\376\377\0006\000.\0001\000\040\000/\000U\000s\000e\000r\000s\000/\000l\000e\000v\000i\000n\000e\000e\000l\000y\000/\000P\000o\000r\000t\000f\000o\000l\000i\000o\000/\000P\000o\000r\000t\000f\000o\000l\000i\000o\000/\000M\000a\000t\000h\000e\000m\000a\000t\000i\000c\000a\000l\000S\000c\000r\000i\000p\000t\000i\000n\000g\000A\000p\000p\000/\000E\000n\000v\000.\000h}{chapter.6}% 123
\BOOKMARK [1][-]{section.6.2}{\376\377\0006\000.\0002\000\040\000/\000U\000s\000e\000r\000s\000/\000l\000e\000v\000i\000n\000e\000e\000l\000y\000/\000P\000o\000r\000t\000f\000o\000l\000i\000o\000/\000P\000o\000r\000t\000f\000o\000l\000i\000o\000/\000M\000a\000t\000h\000e\000m\000a\000t\000i\000c\000a\000l\000S\000c\000r\000i\000p\000t\000i\000n\000g\000A\000p\000p\000/\000E\000x\000p\000r\000.\000c\000p\000p\000\040\000F\000i\000l\000e\000\040\000R\000e\000f\000e\000r\000e\000n\000c\000e}{chapter.6}% 124
\BOOKMARK [2][-]{subsection.6.2.1}{\376\377\0006\000.\0002\000.\0001\000\040\000D\000e\000t\000a\000i\000l\000e\000d\000\040\000D\000e\000s\000c\000r\000i\000p\000t\000i\000o\000n}{section.6.2}% 125
\BOOKMARK [2][-]{subsection.6.2.2}{\376\377\0006\000.\0002\000.\0002\000\040\000F\000u\000n\000c\000t\000i\000o\000n\000\040\000D\000o\000c\000u\000m\000e\000n\000t\000a\000t\000i\000o\000n}{section.6.2}% 126
\BOOKMARK [3][-]{subsubsection.6.2.2.1}{\376\377\0006\000.\0002\000.\0002\000.\0001\000\040\000P\000T\000R\000\050\000\051}{subsection.6.2.2}% 127
\BOOKMARK [1][-]{section.6.3}{\376\377\0006\000.\0003\000\040\000/\000U\000s\000e\000r\000s\000/\000l\000e\000v\000i\000n\000e\000e\000l\000y\000/\000P\000o\000r\000t\000f\000o\000l\000i\000o\000/\000P\000o\000r\000t\000f\000o\000l\000i\000o\000/\000M\000a\000t\000h\000e\000m\000a\000t\000i\000c\000a\000l\000S\000c\000r\000i\000p\000t\000i\000n\000g\000A\000p\000p\000/\000E\000x\000p\000r\000.\000h\000\040\000F\000i\000l\000e\000\040\000R\000e\000f\000e\000r\000e\000n\000c\000e}{chapter.6}% 128
\BOOKMARK [2][-]{subsection.6.3.1}{\376\377\0006\000.\0003\000.\0001\000\040\000D\000e\000t\000a\000i\000l\000e\000d\000\040\000D\000e\000s\000c\000r\000i\000p\000t\000i\000o\000n}{section.6.3}% 129
\BOOKMARK [2][-]{subsection.6.3.2}{\376\377\0006\000.\0003\000.\0002\000\040\000E\000n\000u\000m\000e\000r\000a\000t\000i\000o\000n\000\040\000T\000y\000p\000e\000\040\000D\000o\000c\000u\000m\000e\000n\000t\000a\000t\000i\000o\000n}{section.6.3}% 130
\BOOKMARK [3][-]{subsubsection.6.3.2.1}{\376\377\0006\000.\0003\000.\0002\000.\0001\000\040\000p\000r\000e\000c\000e\000d\000e\000n\000c\000e\000\137\000t}{subsection.6.3.2}% 131
\BOOKMARK [2][-]{subsection.6.3.3}{\376\377\0006\000.\0003\000.\0003\000\040\000F\000u\000n\000c\000t\000i\000o\000n\000\040\000D\000o\000c\000u\000m\000e\000n\000t\000a\000t\000i\000o\000n}{section.6.3}% 132
\BOOKMARK [3][-]{subsubsection.6.3.3.1}{\376\377\0006\000.\0003\000.\0003\000.\0001\000\040\000C\000L\000A\000S\000S\000\050\000\051}{subsection.6.3.3}% 133
\BOOKMARK [1][-]{section.6.4}{\376\377\0006\000.\0004\000\040\000/\000U\000s\000e\000r\000s\000/\000l\000e\000v\000i\000n\000e\000e\000l\000y\000/\000P\000o\000r\000t\000f\000o\000l\000i\000o\000/\000P\000o\000r\000t\000f\000o\000l\000i\000o\000/\000M\000a\000t\000h\000e\000m\000a\000t\000i\000c\000a\000l\000S\000c\000r\000i\000p\000t\000i\000n\000g\000A\000p\000p\000/\000E\000x\000p\000r\000.\000h}{chapter.6}% 134
\BOOKMARK [1][-]{section.6.5}{\376\377\0006\000.\0005\000\040\000/\000U\000s\000e\000r\000s\000/\000l\000e\000v\000i\000n\000e\000e\000l\000y\000/\000P\000o\000r\000t\000f\000o\000l\000i\000o\000/\000P\000o\000r\000t\000f\000o\000l\000i\000o\000/\000M\000a\000t\000h\000e\000m\000a\000t\000i\000c\000a\000l\000S\000c\000r\000i\000p\000t\000i\000n\000g\000A\000p\000p\000/\000m\000a\000i\000n\000w\000i\000d\000g\000e\000t\000.\000h}{chapter.6}% 135
\BOOKMARK [1][-]{section.6.6}{\376\377\0006\000.\0006\000\040\000/\000U\000s\000e\000r\000s\000/\000l\000e\000v\000i\000n\000e\000e\000l\000y\000/\000P\000o\000r\000t\000f\000o\000l\000i\000o\000/\000P\000o\000r\000t\000f\000o\000l\000i\000o\000/\000M\000a\000t\000h\000e\000m\000a\000t\000i\000c\000a\000l\000S\000c\000r\000i\000p\000t\000i\000n\000g\000A\000p\000p\000/\000P\000a\000r\000s\000e\000.\000c\000p\000p\000\040\000F\000i\000l\000e\000\040\000R\000e\000f\000e\000r\000e\000n\000c\000e}{chapter.6}% 136
\BOOKMARK [2][-]{subsection.6.6.1}{\376\377\0006\000.\0006\000.\0001\000\040\000D\000e\000t\000a\000i\000l\000e\000d\000\040\000D\000e\000s\000c\000r\000i\000p\000t\000i\000o\000n}{section.6.6}% 137
\BOOKMARK [2][-]{subsection.6.6.2}{\376\377\0006\000.\0006\000.\0002\000\040\000F\000u\000n\000c\000t\000i\000o\000n\000\040\000D\000o\000c\000u\000m\000e\000n\000t\000a\000t\000i\000o\000n}{section.6.6}% 138
\BOOKMARK [3][-]{subsubsection.6.6.2.1}{\376\377\0006\000.\0006\000.\0002\000.\0001\000\040\000p\000a\000r\000s\000e\000\137\000k\000e\000y\000w\000o\000r\000d\000\050\000\051}{subsection.6.6.2}% 139
\BOOKMARK [3][-]{subsubsection.6.6.2.2}{\376\377\0006\000.\0006\000.\0002\000.\0002\000\040\000P\000T\000R\000\050\000\051\000\040\000[\0001\000/\0002\000]}{subsection.6.6.2}% 140
\BOOKMARK [3][-]{subsubsection.6.6.2.3}{\376\377\0006\000.\0006\000.\0002\000.\0003\000\040\000P\000T\000R\000\050\000\051\000\040\000[\0002\000/\0002\000]}{subsection.6.6.2}% 141
\BOOKMARK [3][-]{subsubsection.6.6.2.4}{\376\377\0006\000.\0006\000.\0002\000.\0004\000\040\000s\000k\000i\000p\000\137\000w\000h\000i\000t\000e\000s\000p\000a\000c\000e\000\050\000\051}{subsection.6.6.2}% 142
\BOOKMARK [1][-]{section.6.7}{\376\377\0006\000.\0007\000\040\000/\000U\000s\000e\000r\000s\000/\000l\000e\000v\000i\000n\000e\000e\000l\000y\000/\000P\000o\000r\000t\000f\000o\000l\000i\000o\000/\000P\000o\000r\000t\000f\000o\000l\000i\000o\000/\000M\000a\000t\000h\000e\000m\000a\000t\000i\000c\000a\000l\000S\000c\000r\000i\000p\000t\000i\000n\000g\000A\000p\000p\000/\000P\000a\000r\000s\000e\000.\000h\000\040\000F\000i\000l\000e\000\040\000R\000e\000f\000e\000r\000e\000n\000c\000e}{chapter.6}% 143
\BOOKMARK [2][-]{subsection.6.7.1}{\376\377\0006\000.\0007\000.\0001\000\040\000D\000e\000t\000a\000i\000l\000e\000d\000\040\000D\000e\000s\000c\000r\000i\000p\000t\000i\000o\000n}{section.6.7}% 144
\BOOKMARK [2][-]{subsection.6.7.2}{\376\377\0006\000.\0007\000.\0002\000\040\000F\000u\000n\000c\000t\000i\000o\000n\000\040\000D\000o\000c\000u\000m\000e\000n\000t\000a\000t\000i\000o\000n}{section.6.7}% 145
\BOOKMARK [3][-]{subsubsection.6.7.2.1}{\376\377\0006\000.\0007\000.\0002\000.\0001\000\040\000p\000a\000r\000s\000e\000\137\000k\000e\000y\000w\000o\000r\000d\000\050\000\051}{subsection.6.7.2}% 146
\BOOKMARK [3][-]{subsubsection.6.7.2.2}{\376\377\0006\000.\0007\000.\0002\000.\0002\000\040\000P\000T\000R\000\050\000\051\000\040\000[\0001\000/\0002\000]}{subsection.6.7.2}% 147
\BOOKMARK [3][-]{subsubsection.6.7.2.3}{\376\377\0006\000.\0007\000.\0002\000.\0003\000\040\000P\000T\000R\000\050\000\051\000\040\000[\0002\000/\0002\000]}{subsection.6.7.2}% 148
\BOOKMARK [3][-]{subsubsection.6.7.2.4}{\376\377\0006\000.\0007\000.\0002\000.\0004\000\040\000s\000k\000i\000p\000\137\000w\000h\000i\000t\000e\000s\000p\000a\000c\000e\000\050\000\051}{subsection.6.7.2}% 149
\BOOKMARK [1][-]{section.6.8}{\376\377\0006\000.\0008\000\040\000/\000U\000s\000e\000r\000s\000/\000l\000e\000v\000i\000n\000e\000e\000l\000y\000/\000P\000o\000r\000t\000f\000o\000l\000i\000o\000/\000P\000o\000r\000t\000f\000o\000l\000i\000o\000/\000M\000a\000t\000h\000e\000m\000a\000t\000i\000c\000a\000l\000S\000c\000r\000i\000p\000t\000i\000n\000g\000A\000p\000p\000/\000P\000a\000r\000s\000e\000.\000h}{chapter.6}% 150
\BOOKMARK [1][-]{section.6.9}{\376\377\0006\000.\0009\000\040\000/\000U\000s\000e\000r\000s\000/\000l\000e\000v\000i\000n\000e\000e\000l\000y\000/\000P\000o\000r\000t\000f\000o\000l\000i\000o\000/\000P\000o\000r\000t\000f\000o\000l\000i\000o\000/\000M\000a\000t\000h\000e\000m\000a\000t\000i\000c\000a\000l\000S\000c\000r\000i\000p\000t\000i\000n\000g\000A\000p\000p\000/\000p\000o\000i\000n\000t\000e\000r\000.\000h\000\040\000F\000i\000l\000e\000\040\000R\000e\000f\000e\000r\000e\000n\000c\000e}{chapter.6}% 151
\BOOKMARK [2][-]{subsection.6.9.1}{\376\377\0006\000.\0009\000.\0001\000\040\000D\000e\000t\000a\000i\000l\000e\000d\000\040\000D\000e\000s\000c\000r\000i\000p\000t\000i\000o\000n}{section.6.9}% 152
\BOOKMARK [1][-]{section.6.10}{\376\377\0006\000.\0001\0000\000\040\000/\000U\000s\000e\000r\000s\000/\000l\000e\000v\000i\000n\000e\000e\000l\000y\000/\000P\000o\000r\000t\000f\000o\000l\000i\000o\000/\000P\000o\000r\000t\000f\000o\000l\000i\000o\000/\000M\000a\000t\000h\000e\000m\000a\000t\000i\000c\000a\000l\000S\000c\000r\000i\000p\000t\000i\000n\000g\000A\000p\000p\000/\000p\000o\000i\000n\000t\000e\000r\000.\000h}{chapter.6}% 153
\BOOKMARK [1][-]{section.6.11}{\376\377\0006\000.\0001\0001\000\040\000/\000U\000s\000e\000r\000s\000/\000l\000e\000v\000i\000n\000e\000e\000l\000y\000/\000P\000o\000r\000t\000f\000o\000l\000i\000o\000/\000P\000o\000r\000t\000f\000o\000l\000i\000o\000/\000M\000a\000t\000h\000e\000m\000a\000t\000i\000c\000a\000l\000S\000c\000r\000i\000p\000t\000i\000n\000g\000A\000p\000p\000/\000V\000a\000l\000u\000e\000.\000c\000p\000p\000\040\000F\000i\000l\000e\000\040\000R\000e\000f\000e\000r\000e\000n\000c\000e}{chapter.6}% 154
\BOOKMARK [2][-]{subsection.6.11.1}{\376\377\0006\000.\0001\0001\000.\0001\000\040\000D\000e\000t\000a\000i\000l\000e\000d\000\040\000D\000e\000s\000c\000r\000i\000p\000t\000i\000o\000n}{section.6.11}% 155
\BOOKMARK [2][-]{subsection.6.11.2}{\376\377\0006\000.\0001\0001\000.\0002\000\040\000F\000u\000n\000c\000t\000i\000o\000n\000\040\000D\000o\000c\000u\000m\000e\000n\000t\000a\000t\000i\000o\000n}{section.6.11}% 156
\BOOKMARK [3][-]{subsubsection.6.11.2.1}{\376\377\0006\000.\0001\0001\000.\0002\000.\0001\000\040\000P\000T\000R\000\050\000\051}{subsection.6.11.2}% 157
\BOOKMARK [1][-]{section.6.12}{\376\377\0006\000.\0001\0002\000\040\000/\000U\000s\000e\000r\000s\000/\000l\000e\000v\000i\000n\000e\000e\000l\000y\000/\000P\000o\000r\000t\000f\000o\000l\000i\000o\000/\000P\000o\000r\000t\000f\000o\000l\000i\000o\000/\000M\000a\000t\000h\000e\000m\000a\000t\000i\000c\000a\000l\000S\000c\000r\000i\000p\000t\000i\000n\000g\000A\000p\000p\000/\000V\000a\000l\000u\000e\000.\000h\000\040\000F\000i\000l\000e\000\040\000R\000e\000f\000e\000r\000e\000n\000c\000e}{chapter.6}% 158
\BOOKMARK [2][-]{subsection.6.12.1}{\376\377\0006\000.\0001\0002\000.\0001\000\040\000D\000e\000t\000a\000i\000l\000e\000d\000\040\000D\000e\000s\000c\000r\000i\000p\000t\000i\000o\000n}{section.6.12}% 159
\BOOKMARK [2][-]{subsection.6.12.2}{\376\377\0006\000.\0001\0002\000.\0002\000\040\000F\000u\000n\000c\000t\000i\000o\000n\000\040\000D\000o\000c\000u\000m\000e\000n\000t\000a\000t\000i\000o\000n}{section.6.12}% 160
\BOOKMARK [3][-]{subsubsection.6.12.2.1}{\376\377\0006\000.\0001\0002\000.\0002\000.\0001\000\040\000C\000L\000A\000S\000S\000\050\000\051}{subsection.6.12.2}% 161
\BOOKMARK [1][-]{section.6.13}{\376\377\0006\000.\0001\0003\000\040\000/\000U\000s\000e\000r\000s\000/\000l\000e\000v\000i\000n\000e\000e\000l\000y\000/\000P\000o\000r\000t\000f\000o\000l\000i\000o\000/\000P\000o\000r\000t\000f\000o\000l\000i\000o\000/\000M\000a\000t\000h\000e\000m\000a\000t\000i\000c\000a\000l\000S\000c\000r\000i\000p\000t\000i\000n\000g\000A\000p\000p\000/\000V\000a\000l\000u\000e\000.\000h}{chapter.6}% 162
\BOOKMARK [0][-]{section*.61}{\376\377\000I\000n\000d\000e\000x}{}% 163
